<?xml version="1.0" encoding="UTF-8"?>
<!-- Generated by org.testng.reporters.JUnitXMLReporter -->
<testsuite ignored="5" hostname="DESKTOP-BDOOC5C" failures="0" tests="0" time="0.03" errors="0" timestamp="2024-10-18T12:02:35 IST">
  <testcase classname="testcases.Checkout_StepOne_Page_Test" name="VerifyError_Test" time="0.0">
    <ignored/>
  </testcase> <!-- VerifyError_Test -->
  <testcase classname="testcases.Checkout_StepOne_Page_Test" name="VerifyErrorBtn_Test" time="0.0">
    <ignored/>
  </testcase> <!-- VerifyErrorBtn_Test -->
  <testcase classname="testcases.Checkout_StepOne_Page_Test" name="VerifyImgGoBack_Test" time="0.0">
    <ignored/>
  </testcase> <!-- VerifyImgGoBack_Test -->
  <testcase classname="testcases.Checkout_StepOne_Page_Test" name="InputCredentials_Test" time="0.0">
    <ignored/>
  </testcase> <!-- InputCredentials_Test -->
  <testcase classname="testcases.Checkout_StepOne_Page_Test" name="VerifyPageTitleCheckout_Test" time="0.0">
    <ignored/>
  </testcase> <!-- VerifyPageTitleCheckout_Test -->
</testsuite>
