<?xml version="1.0" encoding="UTF-8"?>
<!-- Generated by org.testng.reporters.JUnitXMLReporter -->
<testsuite ignored="21" hostname="DESKTOP-BDOOC5C" failures="1" tests="4" name="All_Test_18Oct(failed)" time="27.126" errors="0" timestamp="2024-10-18T12:12:03 IST">
  <testcase classname="testcases.Inventory_Page_Test" name="VerifyImgProd2_Test" time="0.158"/>
  <testcase classname="testcases.Inventory_Page_Test" name="VerifyImgProd5_Test" time="0.12">
    <failure type="java.lang.AssertionError" message="expected [true] but found [false]">
      <![CDATA[java.lang.AssertionError: expected [true] but found [false]
at testcases.Inventory_Page_Test.VerifyImgProd5_Test(Inventory_Page_Test.java:164)
at java.base/java.util.ArrayList.forEach(ArrayList.java:1511)
... Removed 34 stack frames]]>
    </failure>
  </testcase> <!-- VerifyImgProd5_Test -->
  <testcase classname="testcases.Inventory_Page_Test" name="verifypagetitle_Test" time="2.187"/>
  <testcase classname="testcases.Inventory_Page_Test" name="VerifyImgProd4_Test" time="0.136"/>
  <testcase classname="testcases.Inventory_Page_Test" name="VerifyProd4Desc_Test" time="0.0">
    <ignored/>
  </testcase> <!-- VerifyProd4Desc_Test -->
  <testcase classname="testcases.Inventory_Page_Test" name="Remove4products_Test" time="0.0">
    <ignored/>
  </testcase> <!-- Remove4products_Test -->
  <testcase classname="testcases.Inventory_Page_Test" name="VerifyProd3_Test" time="0.0">
    <ignored/>
  </testcase> <!-- VerifyProd3_Test -->
  <testcase classname="testcases.Inventory_Page_Test" name="VerifyProd2_Test" time="0.0">
    <ignored/>
  </testcase> <!-- VerifyProd2_Test -->
  <testcase classname="testcases.Inventory_Page_Test" name="VerifyProd1Desc_Test" time="0.0">
    <ignored/>
  </testcase> <!-- VerifyProd1Desc_Test -->
  <testcase classname="testcases.Inventory_Page_Test" name="VerifyImgProd3_Test" time="0.0">
    <ignored/>
  </testcase> <!-- VerifyImgProd3_Test -->
  <testcase classname="testcases.Inventory_Page_Test" name="VerifyProd1_Test" time="0.0">
    <ignored/>
  </testcase> <!-- VerifyProd1_Test -->
  <testcase classname="testcases.Inventory_Page_Test" name="verifyTwitterLogo_Test" time="0.0">
    <ignored/>
  </testcase> <!-- verifyTwitterLogo_Test -->
  <testcase classname="testcases.Inventory_Page_Test" name="VerifyProd5_Test" time="0.0">
    <ignored/>
  </testcase> <!-- VerifyProd5_Test -->
  <testcase classname="testcases.Inventory_Page_Test" name="verifyFooter_Test" time="0.0">
    <ignored/>
  </testcase> <!-- verifyFooter_Test -->
  <testcase classname="testcases.Inventory_Page_Test" name="VerifyProd3Desc_Test" time="0.0">
    <ignored/>
  </testcase> <!-- VerifyProd3Desc_Test -->
  <testcase classname="testcases.Inventory_Page_Test" name="VerifyImgProd1_Test" time="0.0">
    <ignored/>
  </testcase> <!-- VerifyImgProd1_Test -->
  <testcase classname="testcases.Inventory_Page_Test" name="VerifyProd2Desc_Test" time="0.0">
    <ignored/>
  </testcase> <!-- VerifyProd2Desc_Test -->
  <testcase classname="testcases.Inventory_Page_Test" name="verifyfacebooklogo_Test" time="0.0">
    <ignored/>
  </testcase> <!-- verifyfacebooklogo_Test -->
  <testcase classname="testcases.Inventory_Page_Test" name="add6product_Test" time="0.0">
    <ignored/>
  </testcase> <!-- add6product_Test -->
  <testcase classname="testcases.Inventory_Page_Test" name="VerifyImgProd6_Test" time="0.0">
    <ignored/>
  </testcase> <!-- VerifyImgProd6_Test -->
  <testcase classname="testcases.Inventory_Page_Test" name="verifylinkedInLogo_Test" time="0.0">
    <ignored/>
  </testcase> <!-- verifylinkedInLogo_Test -->
  <testcase classname="testcases.Inventory_Page_Test" name="VerifyProd6_Test" time="0.0">
    <ignored/>
  </testcase> <!-- VerifyProd6_Test -->
  <testcase classname="testcases.Inventory_Page_Test" name="VerifyProd5Desc_Test" time="0.0">
    <ignored/>
  </testcase> <!-- VerifyProd5Desc_Test -->
  <testcase classname="testcases.Inventory_Page_Test" name="VerifyProd6Desc_Test" time="0.0">
    <ignored/>
  </testcase> <!-- VerifyProd6Desc_Test -->
  <testcase classname="testcases.Inventory_Page_Test" name="VerifyProd4_Test" time="0.0">
    <ignored/>
  </testcase> <!-- VerifyProd4_Test -->
</testsuite> <!-- All_Test_18Oct(failed) -->
