<?xml version="1.0" encoding="UTF-8"?>
<!-- Generated by org.testng.reporters.JUnitXMLReporter -->
<testsuite ignored="2" hostname="DESKTOP-BDOOC5C" failures="0" tests="57" name="20th_Test" time="395.945" errors="0" timestamp="2024-10-22T14:13:02 IST">
  <testcase classname="testcases.Inventory_Page_Test" name="Remove4products_Test" time="6.98"/>
  <testcase classname="testcases.Inventory_Page_Test" name="VerifyImgProd1_Test" time="0.115"/>
  <testcase classname="testcases.Inventory_Page_Test" name="VerifyImgProd2_Test" time="0.105"/>
  <testcase classname="testcases.Inventory_Page_Test" name="VerifyImgProd3_Test" time="0.249"/>
  <testcase classname="testcases.Inventory_Page_Test" name="VerifyImgProd5_Test" time="0.079"/>
  <testcase classname="testcases.Inventory_Page_Test" name="VerifyImgProd6_Test" time="0.076"/>
  <testcase classname="testcases.Inventory_Page_Test" name="VerifyProd1Desc_Test" time="0.113"/>
  <testcase classname="testcases.Inventory_Page_Test" name="VerifyProd1_Test" time="0.082"/>
  <testcase classname="testcases.Inventory_Page_Test" name="VerifyProd2Desc_Test" time="0.073"/>
  <testcase classname="testcases.Inventory_Page_Test" name="VerifyProd2_Test" time="0.239"/>
  <testcase classname="testcases.Inventory_Page_Test" name="VerifyProd3Desc_Test" time="0.082"/>
  <testcase classname="testcases.Inventory_Page_Test" name="VerifyProd3_Test" time="0.072"/>
  <testcase classname="testcases.Inventory_Page_Test" name="VerifyProd4Desc_Test" time="0.229"/>
  <testcase classname="testcases.Inventory_Page_Test" name="VerifyProd4_Test" time="0.102"/>
  <testcase classname="testcases.Inventory_Page_Test" name="VerifyProd5Desc_Test" time="0.065"/>
  <testcase classname="testcases.Inventory_Page_Test" name="VerifyProd5_Test" time="0.106"/>
  <testcase classname="testcases.Inventory_Page_Test" name="VerifyProd6Desc_Test" time="0.07"/>
  <testcase classname="testcases.Inventory_Page_Test" name="VerifyProd6_Test" time="0.095"/>
  <testcase classname="testcases.Inventory_Page_Test" name="add6product_Test" time="3.218"/>
  <testcase classname="testcases.Inventory_Page_Test" name="verifyFooter_Test" time="0.084"/>
  <testcase classname="testcases.Inventory_Page_Test" name="verifyTwitterLogo_Test" time="0.086"/>
  <testcase classname="testcases.Inventory_Page_Test" name="verifypagetitle_Test" time="0.256"/>
  <testcase classname="testcases.Inventory_Page_Test" name="VerifyImgProd4_Test" time="0.074"/>
  <testcase classname="testcases.Inventory_Page_Test" name="verifyfacebooklogo_Test" time="0.098"/>
  <testcase classname="testcases.Inventory_Page_Test" name="verifylinkedInLogo_Test" time="0.088"/>
  <testcase classname="testcases.LoginPage_Test" name="VerifyURLofApplicationtest" time="0.015"/>
  <testcase classname="testcases.LoginPage_Test" name="VerifyTitleofApplicationTest" time="0.185"/>
  <testcase classname="testcases.LoginPage_Test" name="LoginToApplicationTest" time="0.745"/>
  <testcase classname="testcases.Checkout_StepTwo_Page_Test" name="ClickCancelBtn_Test" time="0.179"/>
  <testcase classname="testcases.Checkout_StepTwo_Page_Test" name="ClickFinishBtn_Test" time="0.191"/>
  <testcase classname="testcases.Checkout_StepTwo_Page_Test" name="TotalLabel_Test" time="0.075"/>
  <testcase classname="testcases.Checkout_StepTwo_Page_Test" name="VerifyFreeDeliveryLabel_Test" time="0.1"/>
  <testcase classname="testcases.Checkout_StepTwo_Page_Test" name="VerifyImgGoBack2_Test" time="0.051"/>
  <testcase classname="testcases.Checkout_StepTwo_Page_Test" name="VerifyOvervievPageTitle_Test" time="0.061"/>
  <testcase classname="testcases.Checkout_StepTwo_Page_Test" name="VerifyPaymentInfoLabel_Test" time="0.059"/>
  <testcase classname="testcases.Checkout_StepTwo_Page_Test" name="VerifySaucecardLabel_Test" time="0.071"/>
  <testcase classname="testcases.Checkout_StepTwo_Page_Test" name="VerifyShippingInfoLabel_Test" time="0.056"/>
  <testcase classname="testcases.Checkout_StepTwo_Page_Test" name="VerifySubTotalLabel_Test" time="0.043"/>
  <testcase classname="testcases.Checkout_StepTwo_Page_Test" name="VerifyTaxLabel_Test" time="0.064"/>
  <testcase classname="testcases.Checkout_StepTwo_Page_Test" name="VerifyTotalPriceLabel_Test" time="0.058"/>
  <testcase classname="testcases.Cart_page_Test" name="ClickonContinueBtn_Test" time="0.211"/>
  <testcase classname="testcases.Cart_page_Test" name="VerifyCartBackpack_Test" time="0.107"/>
  <testcase classname="testcases.Cart_page_Test" name="VerifyCartPageUrl_Test" time="0.03"/>
  <testcase classname="testcases.Cart_page_Test" name="VerifyDescription_Test" time="0.081"/>
  <testcase classname="testcases.Cart_page_Test" name="VerifyImgGoBack_Test" time="0.071"/>
  <testcase classname="testcases.Cart_page_Test" name="VerifyQTY_Test" time="0.07"/>
  <testcase classname="testcases.Cart_page_Test" name="VerifyRemoveBtn_Test" time="0.057"/>
  <testcase classname="testcases.Cart_page_Test" name="clickonCheckoutBtn_Test" time="0.149"/>
  <testcase classname="testcases.Cart_page_Test" name="verifyPageTitle_Test" time="0.095"/>
  <testcase classname="testcases.Checkout_StepOne_Page_Test" name="InputCredentials_Test" time="0.784"/>
  <testcase classname="testcases.Checkout_StepOne_Page_Test" name="VerifyImgGoBack_Test" time="0.065"/>
  <testcase classname="testcases.Checkout_StepOne_Page_Test" name="VerifyPageTitleCheckout_Test" time="0.083"/>
  <testcase classname="testcases.Complete_Page_Test" name="ClickHomeBtn_Test" time="0.157"/>
  <testcase classname="testcases.Complete_Page_Test" name="VerifyCompletePage_Title_Test" time="0.043"/>
  <testcase classname="testcases.Complete_Page_Test" name="VerifyDispatched_Test" time="0.049"/>
  <testcase classname="testcases.Complete_Page_Test" name="VerifyImage_Test" time="0.05"/>
  <testcase classname="testcases.Complete_Page_Test" name="VerifyThankyou_Test" time="0.042"/>
  <testcase classname="testcases.Checkout_StepOne_Page_Test" name="VerifyError_Test" time="0.0">
    <ignored/>
  </testcase> <!-- VerifyError_Test -->
  <testcase classname="testcases.Checkout_StepOne_Page_Test" name="VerifyErrorBtn_Test" time="0.0">
    <ignored/>
  </testcase> <!-- VerifyErrorBtn_Test -->
</testsuite> <!-- 20th_Test -->
