<?xml version="1.0" encoding="UTF-8"?>
<!-- Generated by org.testng.reporters.JUnitXMLReporter -->
<testsuite ignored="0" hostname="DESKTOP-BDOOC5C" failures="0" tests="3" name="Default test" time="21.2" errors="0" timestamp="2024-10-19T13:41:17 IST">
  <testcase classname="testcases.LoginPage_Test" name="VerifyURLofApplicationtest" time="0.047"/>
  <testcase classname="testcases.LoginPage_Test" name="VerifyTitleofApplicationTest" time="1.987"/>
  <testcase classname="testcases.LoginPage_Test" name="LoginToApplicationTest" time="0.95"/>
</testsuite> <!-- Default test -->
