<?xml version="1.0" encoding="UTF-8"?>
<!-- Generated by org.testng.reporters.JUnitXMLReporter -->
<testsuite ignored="8" hostname="DESKTOP-BDOOC5C" failures="0" tests="1" name="Default test" time="17.842" errors="0" timestamp="2024-10-23T12:03:30 IST">
  <testcase classname="testcases.Cart_page_Test" name="VerifyCartPageUrl_Test" time="0.036"/>
  <testcase classname="testcases.Cart_page_Test" name="VerifyDescription_Test" time="0.0">
    <ignored/>
  </testcase> <!-- VerifyDescription_Test -->
  <testcase classname="testcases.Cart_page_Test" name="VerifyQTY_Test" time="0.0">
    <ignored/>
  </testcase> <!-- VerifyQTY_Test -->
  <testcase classname="testcases.Cart_page_Test" name="VerifyCartBackpack_Test" time="0.0">
    <ignored/>
  </testcase> <!-- VerifyCartBackpack_Test -->
  <testcase classname="testcases.Cart_page_Test" name="ClickonContinueBtn_Test" time="0.0">
    <ignored/>
  </testcase> <!-- ClickonContinueBtn_Test -->
  <testcase classname="testcases.Cart_page_Test" name="VerifyRemoveBtn_Test" time="0.0">
    <ignored/>
  </testcase> <!-- VerifyRemoveBtn_Test -->
  <testcase classname="testcases.Cart_page_Test" name="clickonCheckoutBtn_Test" time="0.0">
    <ignored/>
  </testcase> <!-- clickonCheckoutBtn_Test -->
  <testcase classname="testcases.Cart_page_Test" name="VerifyImgGoBack_Test" time="0.0">
    <ignored/>
  </testcase> <!-- VerifyImgGoBack_Test -->
  <testcase classname="testcases.Cart_page_Test" name="verifyPageTitle_Test" time="0.0">
    <ignored/>
  </testcase> <!-- verifyPageTitle_Test -->
</testsuite> <!-- Default test -->
