<?xml version="1.0" encoding="UTF-8"?>
<!-- Generated by org.testng.reporters.JUnitXMLReporter -->
<testsuite ignored="2" hostname="DESKTOP-BDOOC5C" failures="0" tests="57" name="All_Test_18Oct" time="465.257" errors="0" timestamp="2024-10-18T12:22:03 IST">
  <testcase classname="testcases.Inventory_Page_Test" name="Remove4products_Test" time="7.215"/>
  <testcase classname="testcases.Inventory_Page_Test" name="VerifyImgProd1_Test" time="0.148"/>
  <testcase classname="testcases.Inventory_Page_Test" name="VerifyImgProd2_Test" time="0.12"/>
  <testcase classname="testcases.Inventory_Page_Test" name="VerifyImgProd3_Test" time="0.195"/>
  <testcase classname="testcases.Inventory_Page_Test" name="VerifyImgProd5_Test" time="0.094"/>
  <testcase classname="testcases.Inventory_Page_Test" name="VerifyImgProd6_Test" time="0.094"/>
  <testcase classname="testcases.Inventory_Page_Test" name="VerifyProd1Desc_Test" time="0.127"/>
  <testcase classname="testcases.Inventory_Page_Test" name="VerifyProd1_Test" time="0.071"/>
  <testcase classname="testcases.Inventory_Page_Test" name="VerifyProd2Desc_Test" time="0.076"/>
  <testcase classname="testcases.Inventory_Page_Test" name="VerifyProd2_Test" time="0.072"/>
  <testcase classname="testcases.Inventory_Page_Test" name="VerifyProd3Desc_Test" time="0.072"/>
  <testcase classname="testcases.Inventory_Page_Test" name="VerifyProd3_Test" time="0.235"/>
  <testcase classname="testcases.Inventory_Page_Test" name="VerifyProd4Desc_Test" time="0.127"/>
  <testcase classname="testcases.Inventory_Page_Test" name="VerifyProd4_Test" time="0.109"/>
  <testcase classname="testcases.Inventory_Page_Test" name="VerifyProd5Desc_Test" time="0.07"/>
  <testcase classname="testcases.Inventory_Page_Test" name="VerifyProd5_Test" time="0.127"/>
  <testcase classname="testcases.Inventory_Page_Test" name="VerifyProd6Desc_Test" time="0.089"/>
  <testcase classname="testcases.Inventory_Page_Test" name="VerifyProd6_Test" time="0.092"/>
  <testcase classname="testcases.Inventory_Page_Test" name="add6product_Test" time="3.188"/>
  <testcase classname="testcases.Inventory_Page_Test" name="verifyFooter_Test" time="0.079"/>
  <testcase classname="testcases.Inventory_Page_Test" name="verifyTwitterLogo_Test" time="0.086"/>
  <testcase classname="testcases.Inventory_Page_Test" name="verifypagetitle_Test" time="0.244"/>
  <testcase classname="testcases.Inventory_Page_Test" name="VerifyImgProd4_Test" time="0.262"/>
  <testcase classname="testcases.Inventory_Page_Test" name="verifyfacebooklogo_Test" time="0.074"/>
  <testcase classname="testcases.Inventory_Page_Test" name="verifylinkedInLogo_Test" time="0.09"/>
  <testcase classname="testcases.LoginPage_Test" name="VerifyURLofApplicationtest" time="0.77"/>
  <testcase classname="testcases.LoginPage_Test" name="VerifyTitleofApplicationTest" time="0.204"/>
  <testcase classname="testcases.LoginPage_Test" name="LoginToApplicationTest" time="0.939"/>
  <testcase classname="testcases.Checkout_StepTwo_Page_Test" name="ClickCancelBtn_Test" time="0.268"/>
  <testcase classname="testcases.Checkout_StepTwo_Page_Test" name="ClickFinishBtn_Test" time="0.218"/>
  <testcase classname="testcases.Checkout_StepTwo_Page_Test" name="TotalLabel_Test" time="0.082"/>
  <testcase classname="testcases.Checkout_StepTwo_Page_Test" name="VerifyFreeDeliveryLabel_Test" time="0.082"/>
  <testcase classname="testcases.Checkout_StepTwo_Page_Test" name="VerifyImgGoBack2_Test" time="0.074"/>
  <testcase classname="testcases.Checkout_StepTwo_Page_Test" name="VerifyOvervievPageTitle_Test" time="0.069"/>
  <testcase classname="testcases.Checkout_StepTwo_Page_Test" name="VerifyPaymentInfoLabel_Test" time="0.192"/>
  <testcase classname="testcases.Checkout_StepTwo_Page_Test" name="VerifySaucecardLabel_Test" time="0.074"/>
  <testcase classname="testcases.Checkout_StepTwo_Page_Test" name="VerifyShippingInfoLabel_Test" time="0.063"/>
  <testcase classname="testcases.Checkout_StepTwo_Page_Test" name="VerifySubTotalLabel_Test" time="0.045"/>
  <testcase classname="testcases.Checkout_StepTwo_Page_Test" name="VerifyTaxLabel_Test" time="0.062"/>
  <testcase classname="testcases.Checkout_StepTwo_Page_Test" name="VerifyTotalPriceLabel_Test" time="0.076"/>
  <testcase classname="testcases.Cart_page_Test" name="ClickonContinueBtn_Test" time="0.236"/>
  <testcase classname="testcases.Cart_page_Test" name="VerifyCartBackpack_Test" time="0.093"/>
  <testcase classname="testcases.Cart_page_Test" name="VerifyCartPageUrl_Test" time="0.015"/>
  <testcase classname="testcases.Cart_page_Test" name="VerifyDescription_Test" time="0.079"/>
  <testcase classname="testcases.Cart_page_Test" name="VerifyImgGoBack_Test" time="0.071"/>
  <testcase classname="testcases.Cart_page_Test" name="VerifyQTY_Test" time="0.075"/>
  <testcase classname="testcases.Cart_page_Test" name="VerifyRemoveBtn_Test" time="0.048"/>
  <testcase classname="testcases.Cart_page_Test" name="clickonCheckoutBtn_Test" time="0.197"/>
  <testcase classname="testcases.Cart_page_Test" name="verifyPageTitle_Test" time="0.066"/>
  <testcase classname="testcases.Checkout_StepOne_Page_Test" name="InputCredentials_Test" time="0.694"/>
  <testcase classname="testcases.Checkout_StepOne_Page_Test" name="VerifyImgGoBack_Test" time="0.073"/>
  <testcase classname="testcases.Checkout_StepOne_Page_Test" name="VerifyPageTitleCheckout_Test" time="0.061"/>
  <testcase classname="testcases.Complete_Page_Test" name="ClickHomeBtn_Test" time="0.142"/>
  <testcase classname="testcases.Complete_Page_Test" name="VerifyCompletePage_Title_Test" time="0.039"/>
  <testcase classname="testcases.Complete_Page_Test" name="VerifyDispatched_Test" time="0.051"/>
  <testcase classname="testcases.Complete_Page_Test" name="VerifyImage_Test" time="0.048"/>
  <testcase classname="testcases.Complete_Page_Test" name="VerifyThankyou_Test" time="0.039"/>
  <testcase classname="testcases.Checkout_StepOne_Page_Test" name="VerifyErrorBtn_Test" time="0.0">
    <ignored/>
  </testcase> <!-- VerifyErrorBtn_Test -->
  <testcase classname="testcases.Checkout_StepOne_Page_Test" name="VerifyError_Test" time="0.0">
    <ignored/>
  </testcase> <!-- VerifyError_Test -->
</testsuite> <!-- All_Test_18Oct -->
