<?xml version="1.0" encoding="UTF-8"?>
<!-- Generated by org.testng.reporters.JUnitXMLReporter -->
<testsuite ignored="0" hostname="DESKTOP-BDOOC5C" failures="0" tests="29" name="A_to_Z_Test" time="231.584" errors="0" timestamp="2024-10-15T15:43:54 IST">
  <testcase classname="testcases.Inventory_Page_Test" name="Remove4products_Test" time="6.73"/>
  <testcase classname="testcases.Inventory_Page_Test" name="add6product_Test" time="3.221"/>
  <testcase classname="testcases.Inventory_Page_Test" name="verifyFooter_Test" time="0.193"/>
  <testcase classname="testcases.Inventory_Page_Test" name="verifyfacebooklogo_Test" time="0.081"/>
  <testcase classname="testcases.Inventory_Page_Test" name="verifypagetitle_Test" time="0.34"/>
  <testcase classname="testcases.LoginPage_Test" name="LoginToApplicationTest" time="0.913"/>
  <testcase classname="testcases.LoginPage_Test" name="VerifyTitleofApplicationTest" time="0.778"/>
  <testcase classname="testcases.LoginPage_Test" name="VerifyURLofApplicationtest" time="0.717"/>
  <testcase classname="testcases.Checkout_StepTwo_Page_Test" name="TotalLabel_Test" time="0.049"/>
  <testcase classname="testcases.Checkout_StepTwo_Page_Test" name="VerifyCancelBtn_Test" time="0.415"/>
  <testcase classname="testcases.Checkout_StepTwo_Page_Test" name="VerifyFinishBtn_Test" time="0.218"/>
  <testcase classname="testcases.Checkout_StepTwo_Page_Test" name="VerifyFreeDeliveryLabel_Test" time="0.077"/>
  <testcase classname="testcases.Checkout_StepTwo_Page_Test" name="VerifyOvervievPageTitle_Test" time="0.072"/>
  <testcase classname="testcases.Checkout_StepTwo_Page_Test" name="VerifyPaymentInfoLabel_Test" time="0.06"/>
  <testcase classname="testcases.Checkout_StepTwo_Page_Test" name="VerifySaucecardLabel_Test" time="0.076"/>
  <testcase classname="testcases.Checkout_StepTwo_Page_Test" name="VerifyShippingInfoLabel_Test" time="0.062"/>
  <testcase classname="testcases.Checkout_StepTwo_Page_Test" name="VerifySubTotalLabel_Test" time="0.068"/>
  <testcase classname="testcases.Checkout_StepTwo_Page_Test" name="VerifyTaxLabel_Test" time="0.054"/>
  <testcase classname="testcases.Checkout_StepTwo_Page_Test" name="VerifyTotalPriceLabel_Test" time="0.067"/>
  <testcase classname="testcases.Cart_page_Test" name="ClickonContinueBtn_Test" time="0.319"/>
  <testcase classname="testcases.Cart_page_Test" name="VerifyCartBackpack_Test" time="0.124"/>
  <testcase classname="testcases.Cart_page_Test" name="VerifyCartPageUrl_Test" time="0.011"/>
  <testcase classname="testcases.Cart_page_Test" name="VerifyDescription_Test" time="0.076"/>
  <testcase classname="testcases.Cart_page_Test" name="VerifyQTY_Test" time="0.086"/>
  <testcase classname="testcases.Cart_page_Test" name="VerifyRemoveBtn_Test" time="0.09"/>
  <testcase classname="testcases.Cart_page_Test" name="clickonCheckoutBtn_Test" time="0.218"/>
  <testcase classname="testcases.Cart_page_Test" name="verifyPageTitle_Test" time="0.097"/>
  <testcase classname="testcases.Checkout_StepOne_Page_Test" name="InputCredentials_Test" time="0.763"/>
  <testcase classname="testcases.Checkout_StepOne_Page_Test" name="VerifyPageTitleCheckout_Test" time="0.093"/>
</testsuite> <!-- A_to_Z_Test -->
