<?xml version="1.0" encoding="UTF-8"?>
<!-- Generated by org.testng.reporters.JUnitXMLReporter -->
<testsuite ignored="2" hostname="DESKTOP-BDOOC5C" failures="0" tests="1" name="A_to_Z_Test(failed)" time="11.795" errors="0" timestamp="2024-10-15T15:39:48 IST">
  <testcase classname="testcases.LoginPage_Test" name="LoginToApplicationTest" time="3.389"/>
  <testcase classname="testcases.LoginPage_Test" name="VerifyURLofApplicationtest" time="0.0">
    <ignored/>
  </testcase> <!-- VerifyURLofApplicationtest -->
  <testcase classname="testcases.LoginPage_Test" name="VerifyTitleofApplicationTest" time="0.0">
    <ignored/>
  </testcase> <!-- VerifyTitleofApplicationTest -->
</testsuite> <!-- A_to_Z_Test(failed) -->
