<?xml version="1.0" encoding="UTF-8"?>
<!-- Generated by org.testng.reporters.JUnitXMLReporter -->
<testsuite ignored="46" hostname="DESKTOP-BDOOC5C" failures="0" tests="8" name="All_Test" time="45.851" errors="0" timestamp="2024-10-18T10:21:13 IST">
  <testcase classname="testcases.Inventory_Page_Test" name="add6product_Test" time="4.263"/>
  <testcase classname="testcases.Inventory_Page_Test" name="verifyFooter_Test" time="0.23"/>
  <testcase classname="testcases.Inventory_Page_Test" name="verifyTwitterLogo_Test" time="0.191"/>
  <testcase classname="testcases.Inventory_Page_Test" name="verifypagetitle_Test" time="0.342"/>
  <testcase classname="testcases.Inventory_Page_Test" name="verifyfacebooklogo_Test" time="0.088"/>
  <testcase classname="testcases.Inventory_Page_Test" name="verifylinkedInLogo_Test" time="0.193"/>
  <testcase classname="testcases.LoginPage_Test" name="VerifyURLofApplicationtest" time="0.029"/>
  <testcase classname="testcases.LoginPage_Test" name="VerifyTitleofApplicationTest" time="0.158"/>
  <testcase classname="testcases.Inventory_Page_Test" name="VerifyImgProd6_Test" time="0.0">
    <ignored/>
  </testcase> <!-- VerifyImgProd6_Test -->
  <testcase classname="testcases.Checkout_StepTwo_Page_Test" name="VerifyTotalPriceLabel_Test" time="0.0">
    <ignored/>
  </testcase> <!-- VerifyTotalPriceLabel_Test -->
  <testcase classname="testcases.Cart_page_Test" name="VerifyRemoveBtn_Test" time="0.0">
    <ignored/>
  </testcase> <!-- VerifyRemoveBtn_Test -->
  <testcase classname="testcases.Checkout_StepTwo_Page_Test" name="VerifyTaxLabel_Test" time="0.0">
    <ignored/>
  </testcase> <!-- VerifyTaxLabel_Test -->
  <testcase classname="testcases.Inventory_Page_Test" name="VerifyProd3Desc_Test" time="0.0">
    <ignored/>
  </testcase> <!-- VerifyProd3Desc_Test -->
  <testcase classname="testcases.Checkout_StepTwo_Page_Test" name="VerifyShippingInfoLabel_Test" time="0.0">
    <ignored/>
  </testcase> <!-- VerifyShippingInfoLabel_Test -->
  <testcase classname="testcases.Inventory_Page_Test" name="VerifyProd5_Test" time="0.0">
    <ignored/>
  </testcase> <!-- VerifyProd5_Test -->
  <testcase classname="testcases.Inventory_Page_Test" name="VerifyProd5Desc_Test" time="0.0">
    <ignored/>
  </testcase> <!-- VerifyProd5Desc_Test -->
  <testcase classname="testcases.Cart_page_Test" name="verifyPageTitle_Test" time="0.0">
    <ignored/>
  </testcase> <!-- verifyPageTitle_Test -->
  <testcase classname="testcases.Checkout_StepTwo_Page_Test" name="VerifySubTotalLabel_Test" time="0.0">
    <ignored/>
  </testcase> <!-- VerifySubTotalLabel_Test -->
  <testcase classname="testcases.Cart_page_Test" name="clickonCheckoutBtn_Test" time="0.0">
    <ignored/>
  </testcase> <!-- clickonCheckoutBtn_Test -->
  <testcase classname="testcases.Cart_page_Test" name="VerifyCartBackpack_Test" time="0.0">
    <ignored/>
  </testcase> <!-- VerifyCartBackpack_Test -->
  <testcase classname="testcases.Inventory_Page_Test" name="VerifyImgProd5_Test" time="0.0">
    <ignored/>
  </testcase> <!-- VerifyImgProd5_Test -->
  <testcase classname="testcases.Complete_Page_Test" name="ClickHomeBtn_Test" time="0.0">
    <ignored/>
  </testcase> <!-- ClickHomeBtn_Test -->
  <testcase classname="testcases.Cart_page_Test" name="VerifyCartPageUrl_Test" time="0.0">
    <ignored/>
  </testcase> <!-- VerifyCartPageUrl_Test -->
  <testcase classname="testcases.Inventory_Page_Test" name="Remove4products_Test" time="0.0">
    <ignored/>
  </testcase> <!-- Remove4products_Test -->
  <testcase classname="testcases.Checkout_StepOne_Page_Test" name="VerifyPageTitleCheckout_Test" time="0.0">
    <ignored/>
  </testcase> <!-- VerifyPageTitleCheckout_Test -->
  <testcase classname="testcases.Inventory_Page_Test" name="VerifyProd3_Test" time="0.0">
    <ignored/>
  </testcase> <!-- VerifyProd3_Test -->
  <testcase classname="testcases.Cart_page_Test" name="VerifyDescription_Test" time="0.0">
    <ignored/>
  </testcase> <!-- VerifyDescription_Test -->
  <testcase classname="testcases.Inventory_Page_Test" name="VerifyImgProd2_Test" time="0.0">
    <ignored/>
  </testcase> <!-- VerifyImgProd2_Test -->
  <testcase classname="testcases.Checkout_StepTwo_Page_Test" name="TotalLabel_Test" time="0.0">
    <ignored/>
  </testcase> <!-- TotalLabel_Test -->
  <testcase classname="testcases.Inventory_Page_Test" name="VerifyProd2Desc_Test" time="0.0">
    <ignored/>
  </testcase> <!-- VerifyProd2Desc_Test -->
  <testcase classname="testcases.Inventory_Page_Test" name="VerifyProd6_Test" time="0.0">
    <ignored/>
  </testcase> <!-- VerifyProd6_Test -->
  <testcase classname="testcases.Inventory_Page_Test" name="VerifyImgProd4_Test" time="0.0">
    <ignored/>
  </testcase> <!-- VerifyImgProd4_Test -->
  <testcase classname="testcases.Complete_Page_Test" name="VerifyThankyou_Test" time="0.0">
    <ignored/>
  </testcase> <!-- VerifyThankyou_Test -->
  <testcase classname="testcases.Inventory_Page_Test" name="VerifyProd6Desc_Test" time="0.0">
    <ignored/>
  </testcase> <!-- VerifyProd6Desc_Test -->
  <testcase classname="testcases.Checkout_StepTwo_Page_Test" name="VerifyFreeDeliveryLabel_Test" time="0.0">
    <ignored/>
  </testcase> <!-- VerifyFreeDeliveryLabel_Test -->
  <testcase classname="testcases.Checkout_StepTwo_Page_Test" name="VerifyOvervievPageTitle_Test" time="0.0">
    <ignored/>
  </testcase> <!-- VerifyOvervievPageTitle_Test -->
  <testcase classname="testcases.Inventory_Page_Test" name="VerifyProd1_Test" time="0.0">
    <ignored/>
  </testcase> <!-- VerifyProd1_Test -->
  <testcase classname="testcases.Inventory_Page_Test" name="VerifyProd4Desc_Test" time="0.0">
    <ignored/>
  </testcase> <!-- VerifyProd4Desc_Test -->
  <testcase classname="testcases.Cart_page_Test" name="ClickonContinueBtn_Test" time="0.0">
    <ignored/>
  </testcase> <!-- ClickonContinueBtn_Test -->
  <testcase classname="testcases.Complete_Page_Test" name="VerifyCompletePage_Title_Test" time="0.0">
    <ignored/>
  </testcase> <!-- VerifyCompletePage_Title_Test -->
  <testcase classname="testcases.Checkout_StepTwo_Page_Test" name="ClickCancelBtn_Test" time="0.0">
    <ignored/>
  </testcase> <!-- ClickCancelBtn_Test -->
  <testcase classname="testcases.Checkout_StepTwo_Page_Test" name="ClickFinishBtn_Test" time="0.0">
    <ignored/>
  </testcase> <!-- ClickFinishBtn_Test -->
  <testcase classname="testcases.Inventory_Page_Test" name="VerifyProd4_Test" time="0.0">
    <ignored/>
  </testcase> <!-- VerifyProd4_Test -->
  <testcase classname="testcases.Cart_page_Test" name="VerifyQTY_Test" time="0.0">
    <ignored/>
  </testcase> <!-- VerifyQTY_Test -->
  <testcase classname="testcases.Checkout_StepOne_Page_Test" name="InputCredentials_Test" time="0.0">
    <ignored/>
  </testcase> <!-- InputCredentials_Test -->
  <testcase classname="testcases.Inventory_Page_Test" name="VerifyProd2_Test" time="0.0">
    <ignored/>
  </testcase> <!-- VerifyProd2_Test -->
  <testcase classname="testcases.Inventory_Page_Test" name="VerifyImgProd3_Test" time="0.0">
    <ignored/>
  </testcase> <!-- VerifyImgProd3_Test -->
  <testcase classname="testcases.LoginPage_Test" name="LoginToApplicationTest" time="0.0">
    <ignored/>
  </testcase> <!-- LoginToApplicationTest -->
  <testcase classname="testcases.Checkout_StepTwo_Page_Test" name="VerifyPaymentInfoLabel_Test" time="0.0">
    <ignored/>
  </testcase> <!-- VerifyPaymentInfoLabel_Test -->
  <testcase classname="testcases.Complete_Page_Test" name="VerifyDispatched_Test" time="0.0">
    <ignored/>
  </testcase> <!-- VerifyDispatched_Test -->
  <testcase classname="testcases.Inventory_Page_Test" name="VerifyImgProd1_Test" time="0.0">
    <ignored/>
  </testcase> <!-- VerifyImgProd1_Test -->
  <testcase classname="testcases.Checkout_StepTwo_Page_Test" name="VerifySaucecardLabel_Test" time="0.0">
    <ignored/>
  </testcase> <!-- VerifySaucecardLabel_Test -->
  <testcase classname="testcases.Complete_Page_Test" name="VerifyImage_Test" time="0.0">
    <ignored/>
  </testcase> <!-- VerifyImage_Test -->
  <testcase classname="testcases.Inventory_Page_Test" name="VerifyProd1Desc_Test" time="0.0">
    <ignored/>
  </testcase> <!-- VerifyProd1Desc_Test -->
</testsuite> <!-- All_Test -->
